<?xml version="1.0" encoding="UTF-8"?>
<testsuite xmlns:xsi="http://www.w3.org/2001/XMLSchema-instance" xsi:noNamespaceSchemaLocation="https://maven.apache.org/surefire/maven-surefire-plugin/xsd/surefire-test-report-3.0.xsd" version="3.0" name="com.playwrightdemo.smoketest.codegen_blogUI_Test" time="4.984" tests="1" errors="0" skipped="0" failures="0">
  <properties>
[...]
</properties>
  <testcase name="codegen_landingPageLinks" classname="com.playwrightdemo.smoketest.codegen_blogUI_Test" time="4.487"/>
</testsuite>