<?xml version="1.0" encoding="UTF-8"?>
<testsuite xmlns:xsi="http://www.w3.org/2001/XMLSchema-instance" xsi:noNamespaceSchemaLocation="https://maven.apache.org/surefire/maven-surefire-plugin/xsd/surefire-test-report-3.0.xsd" version="3.0" name="com.playwrightdemo.testtest" time="8.034" tests="1" errors="1" skipped="0" failures="0">
  <properties>
[...]
</properties>
  <testcase name="codegen_landingPageLinks" classname="com.playwrightdemo.testtest" time="5.763">
    <error message="Error {&#10;  message=&apos;net::ERR_ABORTED; maybe frame was detached?&#10;  name=&apos;Error&#10;  stack=&apos;Error: net::ERR_ABORTED; maybe frame was detached?&#10;    at FrameManager.frameAbortedNavigation (/private/var/folders/hx/dh2nlrvs3cs2c1xnwf_7rfbm0000gn/T/playwright-java-5912040222225241953/package/lib/server/frames.js:206:14)&#10;    at FrameManager.requestFailed (/private/var/folders/hx/dh2nlrvs3cs2c1xnwf_7rfbm0000gn/T/playwright-java-5912040222225241953/package/lib/server/frames.js:257:12)&#10;    at CRNetworkManager._onLoadingFailed (/private/var/folders/hx/dh2nlrvs3cs2c1xnwf_7rfbm0000gn/T/playwright-java-5912040222225241953/package/lib/server/chromium/crNetworkManager.js:461:55)&#10;    at CRSession.emit (node:events:519:28)&#10;    at /private/var/folders/hx/dh2nlrvs3cs2c1xnwf_7rfbm0000gn/T/playwright-java-5912040222225241953/package/lib/server/chromium/crConnection.js:138:14&#10;}&#10;Call log:&#10;-   - waiting for navigation until &quot;load&quot;&#10;" type="com.microsoft.playwright.PlaywrightException"><![CDATA[com.microsoft.playwright.PlaywrightException: 
Error {
  message='net::ERR_ABORTED; maybe frame was detached?
  name='Error
  stack='Error: net::ERR_ABORTED; maybe frame was detached?
    at FrameManager.frameAbortedNavigation (/private/var/folders/hx/dh2nlrvs3cs2c1xnwf_7rfbm0000gn/T/playwright-java-5912040222225241953/package/lib/server/frames.js:206:14)
    at FrameManager.requestFailed (/private/var/folders/hx/dh2nlrvs3cs2c1xnwf_7rfbm0000gn/T/playwright-java-5912040222225241953/package/lib/server/frames.js:257:12)
    at CRNetworkManager._onLoadingFailed (/private/var/folders/hx/dh2nlrvs3cs2c1xnwf_7rfbm0000gn/T/playwright-java-5912040222225241953/package/lib/server/chromium/crNetworkManager.js:461:55)
    at CRSession.emit (node:events:519:28)
    at /private/var/folders/hx/dh2nlrvs3cs2c1xnwf_7rfbm0000gn/T/playwright-java-5912040222225241953/package/lib/server/chromium/crConnection.js:138:14
}
Call log:
-   - waiting for navigation until "load"

	at com.microsoft.playwright.impl.WaitableResult.get(WaitableResult.java:56)
	at com.microsoft.playwright.impl.ChannelOwner.runUntil(ChannelOwner.java:138)
	at com.microsoft.playwright.impl.Connection.sendMessage(Connection.java:131)
	at com.microsoft.playwright.impl.ChannelOwner.sendMessage(ChannelOwner.java:124)
	at com.microsoft.playwright.impl.PageImpl.goBackImpl(PageImpl.java:899)
	at com.microsoft.playwright.impl.PageImpl.goBack(PageImpl.java:891)
	at com.microsoft.playwright.Page.goBack(Page.java:5412)
	at com.playwrightdemo.testtest.codegen_landingPageLinks(Example.java:48)
Caused by: com.microsoft.playwright.impl.DriverException: Error {
  message='net::ERR_ABORTED; maybe frame was detached?
  name='Error
  stack='Error: net::ERR_ABORTED; maybe frame was detached?
    at FrameManager.frameAbortedNavigation (/private/var/folders/hx/dh2nlrvs3cs2c1xnwf_7rfbm0000gn/T/playwright-java-5912040222225241953/package/lib/server/frames.js:206:14)
    at FrameManager.requestFailed (/private/var/folders/hx/dh2nlrvs3cs2c1xnwf_7rfbm0000gn/T/playwright-java-5912040222225241953/package/lib/server/frames.js:257:12)
    at CRNetworkManager._onLoadingFailed (/private/var/folders/hx/dh2nlrvs3cs2c1xnwf_7rfbm0000gn/T/playwright-java-5912040222225241953/package/lib/server/chromium/crNetworkManager.js:461:55)
    at CRSession.emit (node:events:519:28)
    at /private/var/folders/hx/dh2nlrvs3cs2c1xnwf_7rfbm0000gn/T/playwright-java-5912040222225241953/package/lib/server/chromium/crConnection.js:138:14
}
Call log:
-   - waiting for navigation until "load"

	at com.microsoft.playwright.impl.Connection.dispatch(Connection.java:262)
	at com.microsoft.playwright.impl.Connection.processOneMessage(Connection.java:214)
	at com.microsoft.playwright.impl.ChannelOwner.runUntil(ChannelOwner.java:136)
	... 6 more
]]></error>
    <system-out><![CDATA[http://localhost:3000/
]]></system-out>
  </testcase>
</testsuite>